<?xml version="1.0" encoding="UTF-8"?>
<!-- Generated by org.testng.reporters.JUnitXMLReporter -->
<testsuite ignored="1" hostname="DESKTOP-DQN0RRE" failures="2" tests="2" name="Test(failed)" time="17.708" errors="0" timestamp="2021-07-06T20:49:29 IST">
  <testcase classname="com.magento.testcases.LoginPageTest" name="loginFailureTest" time="1.638">
    <failure type="java.lang.AssertionError" message="UNABLE TO LOGIN expected [My Account] but found [Customer Login]">
      <![CDATA[java.lang.AssertionError: UNABLE TO LOGIN expected [My Account] but found [Customer Login]
at com.magento.testcases.LoginPageTest.loginFailureTest(LoginPageTest.java:35)
at java.base/java.util.ArrayList.forEach(ArrayList.java:1511)
... Removed 32 stack frames]]>
    </failure>
  </testcase> <!-- loginFailureTest -->
  <testcase classname="com.magento.testcases.DashoboardPageTest" name="pageTitleTest" time="2.037">
    <failure type="java.lang.AssertionError" message="expected [true] but found [false]">
      <![CDATA[java.lang.AssertionError: expected [true] but found [false]
at com.magento.testcases.DashoboardPageTest.pageTitleTest(DashoboardPageTest.java:34)
at java.base/java.util.ArrayList.forEach(ArrayList.java:1511)
... Removed 31 stack frames]]>
    </failure>
  </testcase> <!-- pageTitleTest -->
  <testcase classname="com.magento.testcases.LoginPageTest" name="loginSuccessTest" time="0.0">
    <ignored/>
  </testcase> <!-- loginSuccessTest -->
</testsuite> <!-- Test(failed) -->
